<?xml version="1.0" encoding="UTF-8"?>
<!-- Generated by org.testng.reporters.JUnitXMLReporter -->
<testsuite hostname="DESKTOP-V123S32" ignored="0" name="Create Lead Test" tests="2" failures="0" timestamp="2020-05-12T09:34:19 IST" time="0.019" errors="0">
  <testcase name="createLeadTest" time="0.001" classname="com.zoho.testcases.CreateLeadTest">
    <skipped/>
  </testcase> <!-- createLeadTest -->
  <testcase name="createLeadTest" time="0.001" classname="com.zoho.testcases.CreateLeadTest">
    <skipped/>
  </testcase> <!-- createLeadTest -->
</testsuite> <!-- Create Lead Test -->
