<?xml version="1.0" encoding="UTF-8"?>
<!-- Generated by org.testng.reporters.JUnitXMLReporter -->
<testsuite hostname="DESKTOP-V123S32" ignored="0" name="Create Lead Test" tests="2" failures="0" timestamp="2020-05-13T16:56:48 IST" time="40.23" errors="0">
  <testcase name="createLeadTest" time="39.3" classname="com.zoho.testcases.CreateLeadTest"/>
  <testcase name="createLeadTest" time="0.002" classname="com.zoho.testcases.CreateLeadTest">
    <skipped/>
  </testcase> <!-- createLeadTest -->
</testsuite> <!-- Create Lead Test -->
