<?xml version="1.0" encoding="UTF-8"?>
<!-- Generated by org.testng.reporters.JUnitXMLReporter -->
<testsuite hostname="DESKTOP-V123S32" ignored="0" name="Login Test" tests="3" failures="1" timestamp="2020-05-13T16:56:41 IST" time="32.43" errors="0">
  <testcase name="loginTest" time="31.207" classname="com.zoho.testcases.LoginTest">
    <failure type="java.lang.AssertionError" message="The following asserts failed:
	Text not Matching. Got text as Your Life&amp;apos;s Work, Powered By Our Life&amp;apos;s Work">
      <![CDATA[java.lang.AssertionError: The following asserts failed:
Text not Matching. Got text as Your Life's Work, Powered By Our Life's Work
at com.zoho.web.ZohoValidationDriver.assertAll(ZohoValidationDriver.java:94)
at com.zoho.session.ZohoTestSession.end(ZohoTestSession.java:58)
at com.zoho.testcases.LoginTest.loginTest(LoginTest.java:109)
at java.util.ArrayList.forEach(Unknown Source)
at java.util.concurrent.FutureTask.run(Unknown Source)
at java.util.concurrent.ThreadPoolExecutor.runWorker(Unknown Source)
at java.util.concurrent.ThreadPoolExecutor$Worker.run(Unknown Source)
at java.lang.Thread.run(Unknown Source)
... Removed 20 stack frames]]>
    </failure>
  </testcase> <!-- loginTest -->
  <testcase name="loginTest" time="0.002" classname="com.zoho.testcases.LoginTest">
    <skipped/>
  </testcase> <!-- loginTest -->
  <testcase name="loginTest" time="0.002" classname="com.zoho.testcases.LoginTest">
    <skipped/>
  </testcase> <!-- loginTest -->
</testsuite> <!-- Login Test -->
