<?xml version="1.0" encoding="UTF-8"?>
<testsuite xmlns:xsi="http://www.w3.org/2001/XMLSchema-instance" xsi:noNamespaceSchemaLocation="https://maven.apache.org/surefire/maven-surefire-plugin/xsd/surefire-test-report-3.0.xsd" version="3.0" name="TestSuite" time="3.028" tests="6" errors="0" skipped="1" failures="5">
  <properties>
[...]
</properties>
  <testcase name="createTaskTest" classname="com.zoho.suite.testcases.creation.CreateTaskTest" time="1.066">
    <failure message="Could not start a new session. Possible causes are invalid address of the remote server or browser start-up failure. &#10;Host info: host: &apos;BRILAP3917&apos;, ip: &apos;192.168.29.217&apos;&#10;Build info: version: &apos;4.11.0&apos;, revision: &apos;040bc5406b&apos;&#10;System info: os.name: &apos;Windows 10&apos;, os.arch: &apos;amd64&apos;, os.version: &apos;10.0&apos;, java.version: &apos;17&apos;&#10;Driver info: org.openqa.selenium.remote.RemoteWebDriver&#10;Command: [null, newSession {capabilities=[Capabilities {browserName: chrome, platformName: windows}]}]&#10;Capabilities {browserName: chrome, platformName: windows}" type="org.openqa.selenium.SessionNotCreatedException"><![CDATA[org.openqa.selenium.SessionNotCreatedException: 
Could not start a new session. Possible causes are invalid address of the remote server or browser start-up failure. 
Host info: host: 'BRILAP3917', ip: '192.168.29.217'
Build info: version: '4.11.0', revision: '040bc5406b'
System info: os.name: 'Windows 10', os.arch: 'amd64', os.version: '10.0', java.version: '17'
Driver info: org.openqa.selenium.remote.RemoteWebDriver
Command: [null, newSession {capabilities=[Capabilities {browserName: chrome, platformName: windows}]}]
Capabilities {browserName: chrome, platformName: windows}
	at com.zoho.suite.testcases.creation.CreateTaskTest.createTaskTest(CreateTaskTest.java:40)
Caused by: java.io.UncheckedIOException: java.net.ConnectException: Connection refused: no further information: localhost/[0:0:0:0:0:0:0:1]:4444
	at com.zoho.suite.testcases.creation.CreateTaskTest.createTaskTest(CreateTaskTest.java:40)
Caused by: java.net.ConnectException: Connection refused: no further information: localhost/[0:0:0:0:0:0:0:1]:4444
Caused by: io.netty.channel.AbstractChannel$AnnotatedConnectException: Connection refused: no further information: localhost/[0:0:0:0:0:0:0:1]:4444
Caused by: java.net.ConnectException: Connection refused: no further information
]]></failure>
    <system-out><![CDATA[Getting data for loginTest
Getting data for createLeadTest
Getting data for createTaskTest
Got data for createLeadTest
Got data for loginTest
Got data for createTaskTest
@BeforeMethod
@BeforeMethod
CREATELEADTEST
@BeforeMethod
CREATETASKTEST
LOGINTEST
Mon Aug 07 18-17-38 IST 2023
Mon Aug 07 18-17-38 IST 2023
Mon Aug 07 18-17-38 IST 2023
C:\Users\sachidananda.sahoo\Downloads\Selenium_Code\Selenium Code\ZohoPomProj//reports//Mon Aug 07 18-17-38 IST 2023\screenshots
C:\Users\sachidananda.sahoo\Downloads\Selenium_Code\Selenium Code\ZohoPomProj//reports//Mon Aug 07 18-17-38 IST 2023\screenshots
C:\Users\sachidananda.sahoo\Downloads\Selenium_Code\Selenium Code\ZohoPomProj//reports//Mon Aug 07 18-17-38 IST 2023\screenshots
{LeadName=Gates, Runmode=Y, LeadCompany=Microsoft, Browser=Chrome}
{Date=03-06-2020, Subject=Sales Meeting, Runmode=Y, Contact=Simon Morasca, Browser=Chrome}
{Username=sachintester.1983@gmail.com, Password=Whizdom@2020, Runmode=Y, PasswordValid=Y, UsernameValid=Y, Browser=Chrome}
----------ZohoBase Page Consructor-------
----------ZohoBase Page Consructor-------
----------ZohoBase Page Consructor-------
Opening the browser chrome
Opening the browser chrome
Opening the browser chrome
]]></system-out>
    <system-err><![CDATA[Aug 07, 2023 6:17:38 PM org.openqa.selenium.remote.tracing.opentelemetry.OpenTelemetryTracer createTracer
INFO: Using OpenTelemetry for tracing
SLF4J: Failed to load class "org.slf4j.impl.StaticLoggerBinder".
SLF4J: Defaulting to no-operation (NOP) logger implementation
SLF4J: See http://www.slf4j.org/codes.html#StaticLoggerBinder for further details.
log4j:WARN No appenders could be found for logger (io.netty.util.internal.logging.InternalLoggerFactory).
log4j:WARN Please initialize the log4j system properly.
]]></system-err>
  </testcase>
  <testcase name="createLeadTest" classname="com.zoho.suite.testcases.creation.CreateLeadTest" time="1.067">
    <failure message="Could not start a new session. Possible causes are invalid address of the remote server or browser start-up failure. &#10;Host info: host: &apos;BRILAP3917&apos;, ip: &apos;192.168.29.217&apos;&#10;Build info: version: &apos;4.11.0&apos;, revision: &apos;040bc5406b&apos;&#10;System info: os.name: &apos;Windows 10&apos;, os.arch: &apos;amd64&apos;, os.version: &apos;10.0&apos;, java.version: &apos;17&apos;&#10;Driver info: org.openqa.selenium.remote.RemoteWebDriver&#10;Command: [null, newSession {capabilities=[Capabilities {browserName: chrome, platformName: windows}]}]&#10;Capabilities {browserName: chrome, platformName: windows}" type="org.openqa.selenium.SessionNotCreatedException"><![CDATA[org.openqa.selenium.SessionNotCreatedException: 
Could not start a new session. Possible causes are invalid address of the remote server or browser start-up failure. 
Host info: host: 'BRILAP3917', ip: '192.168.29.217'
Build info: version: '4.11.0', revision: '040bc5406b'
System info: os.name: 'Windows 10', os.arch: 'amd64', os.version: '10.0', java.version: '17'
Driver info: org.openqa.selenium.remote.RemoteWebDriver
Command: [null, newSession {capabilities=[Capabilities {browserName: chrome, platformName: windows}]}]
Capabilities {browserName: chrome, platformName: windows}
	at com.zoho.suite.testcases.creation.CreateLeadTest.createLeadTest(CreateLeadTest.java:42)
Caused by: java.io.UncheckedIOException: java.net.ConnectException: Connection refused: no further information: localhost/[0:0:0:0:0:0:0:1]:4444
	at com.zoho.suite.testcases.creation.CreateLeadTest.createLeadTest(CreateLeadTest.java:42)
Caused by: java.net.ConnectException: Connection refused: no further information: localhost/[0:0:0:0:0:0:0:1]:4444
Caused by: io.netty.channel.AbstractChannel$AnnotatedConnectException: Connection refused: no further information: localhost/[0:0:0:0:0:0:0:1]:4444
Caused by: java.net.ConnectException: Connection refused: no further information
]]></failure>
  </testcase>
  <testcase name="createLeadTest" classname="com.zoho.suite.testcases.creation.CreateLeadTest" time="0">
    <skipped message="Skipping the test as Runmode was NO"/>
    <system-out><![CDATA[@BeforeMethod
LOGINTEST
@BeforeMethod
CREATELEADTEST
{Username=sachintester.1983@gmail.com, Password=Whizdom@2020, Runmode=Y, PasswordValid=Y, UsernameValid=Y, Browser=Chrome}
----------ZohoBase Page Consructor-------
Opening the browser chrome
{LeadName=Gates, Runmode=N, LeadCompany=Microsoft, Browser=Mozilla}
]]></system-out>
  </testcase>
  <testcase name="loginTest" classname="com.zoho.suite.testcases.login.LoginTest" time="1.068">
    <failure message="Could not start a new session. Possible causes are invalid address of the remote server or browser start-up failure. &#10;Host info: host: &apos;BRILAP3917&apos;, ip: &apos;192.168.29.217&apos;&#10;Build info: version: &apos;4.11.0&apos;, revision: &apos;040bc5406b&apos;&#10;System info: os.name: &apos;Windows 10&apos;, os.arch: &apos;amd64&apos;, os.version: &apos;10.0&apos;, java.version: &apos;17&apos;&#10;Driver info: org.openqa.selenium.remote.RemoteWebDriver&#10;Command: [null, newSession {capabilities=[Capabilities {browserName: chrome, platformName: windows}]}]&#10;Capabilities {browserName: chrome, platformName: windows}" type="org.openqa.selenium.SessionNotCreatedException"><![CDATA[org.openqa.selenium.SessionNotCreatedException: 
Could not start a new session. Possible causes are invalid address of the remote server or browser start-up failure. 
Host info: host: 'BRILAP3917', ip: '192.168.29.217'
Build info: version: '4.11.0', revision: '040bc5406b'
System info: os.name: 'Windows 10', os.arch: 'amd64', os.version: '10.0', java.version: '17'
Driver info: org.openqa.selenium.remote.RemoteWebDriver
Command: [null, newSession {capabilities=[Capabilities {browserName: chrome, platformName: windows}]}]
Capabilities {browserName: chrome, platformName: windows}
	at com.zoho.suite.testcases.login.LoginTest.loginTest(LoginTest.java:68)
Caused by: java.io.UncheckedIOException: java.net.ConnectException: Connection refused: no further information: localhost/[0:0:0:0:0:0:0:1]:4444
	at com.zoho.suite.testcases.login.LoginTest.loginTest(LoginTest.java:68)
Caused by: java.net.ConnectException: Connection refused: no further information: localhost/[0:0:0:0:0:0:0:1]:4444
Caused by: io.netty.channel.AbstractChannel$AnnotatedConnectException: Connection refused: no further information: localhost/[0:0:0:0:0:0:0:1]:4444
Caused by: java.net.ConnectException: Connection refused: no further information
]]></failure>
  </testcase>
  <testcase name="loginTest" classname="com.zoho.suite.testcases.login.LoginTest" time="0.021">
    <failure message="Could not start a new session. Possible causes are invalid address of the remote server or browser start-up failure. &#10;Host info: host: &apos;BRILAP3917&apos;, ip: &apos;192.168.29.217&apos;&#10;Build info: version: &apos;4.11.0&apos;, revision: &apos;040bc5406b&apos;&#10;System info: os.name: &apos;Windows 10&apos;, os.arch: &apos;amd64&apos;, os.version: &apos;10.0&apos;, java.version: &apos;17&apos;&#10;Driver info: org.openqa.selenium.remote.RemoteWebDriver&#10;Command: [null, newSession {capabilities=[Capabilities {browserName: chrome, platformName: windows}]}]&#10;Capabilities {browserName: chrome, platformName: windows}" type="org.openqa.selenium.SessionNotCreatedException"><![CDATA[org.openqa.selenium.SessionNotCreatedException: 
Could not start a new session. Possible causes are invalid address of the remote server or browser start-up failure. 
Host info: host: 'BRILAP3917', ip: '192.168.29.217'
Build info: version: '4.11.0', revision: '040bc5406b'
System info: os.name: 'Windows 10', os.arch: 'amd64', os.version: '10.0', java.version: '17'
Driver info: org.openqa.selenium.remote.RemoteWebDriver
Command: [null, newSession {capabilities=[Capabilities {browserName: chrome, platformName: windows}]}]
Capabilities {browserName: chrome, platformName: windows}
	at com.zoho.suite.testcases.login.LoginTest.loginTest(LoginTest.java:68)
Caused by: java.io.UncheckedIOException: java.net.ConnectException: Connection refused: no further information: localhost/[0:0:0:0:0:0:0:1]:4444
	at com.zoho.suite.testcases.login.LoginTest.loginTest(LoginTest.java:68)
Caused by: java.net.ConnectException: Connection refused: no further information: localhost/[0:0:0:0:0:0:0:1]:4444
Caused by: io.netty.channel.AbstractChannel$AnnotatedConnectException: Connection refused: no further information: localhost/[0:0:0:0:0:0:0:1]:4444
Caused by: java.net.ConnectException: Connection refused: no further information
]]></failure>
  </testcase>
  <testcase name="loginTest" classname="com.zoho.suite.testcases.login.LoginTest" time="0.014">
    <failure message="Could not start a new session. Possible causes are invalid address of the remote server or browser start-up failure. &#10;Host info: host: &apos;BRILAP3917&apos;, ip: &apos;192.168.29.217&apos;&#10;Build info: version: &apos;4.11.0&apos;, revision: &apos;040bc5406b&apos;&#10;System info: os.name: &apos;Windows 10&apos;, os.arch: &apos;amd64&apos;, os.version: &apos;10.0&apos;, java.version: &apos;17&apos;&#10;Driver info: org.openqa.selenium.remote.RemoteWebDriver&#10;Command: [null, newSession {capabilities=[Capabilities {browserName: chrome, platformName: windows}]}]&#10;Capabilities {browserName: chrome, platformName: windows}" type="org.openqa.selenium.SessionNotCreatedException"><![CDATA[org.openqa.selenium.SessionNotCreatedException: 
Could not start a new session. Possible causes are invalid address of the remote server or browser start-up failure. 
Host info: host: 'BRILAP3917', ip: '192.168.29.217'
Build info: version: '4.11.0', revision: '040bc5406b'
System info: os.name: 'Windows 10', os.arch: 'amd64', os.version: '10.0', java.version: '17'
Driver info: org.openqa.selenium.remote.RemoteWebDriver
Command: [null, newSession {capabilities=[Capabilities {browserName: chrome, platformName: windows}]}]
Capabilities {browserName: chrome, platformName: windows}
	at com.zoho.suite.testcases.login.LoginTest.loginTest(LoginTest.java:68)
Caused by: java.io.UncheckedIOException: java.net.ConnectException: Connection refused: no further information: localhost/[0:0:0:0:0:0:0:1]:4444
	at com.zoho.suite.testcases.login.LoginTest.loginTest(LoginTest.java:68)
Caused by: java.net.ConnectException: Connection refused: no further information: localhost/[0:0:0:0:0:0:0:1]:4444
Caused by: io.netty.channel.AbstractChannel$AnnotatedConnectException: Connection refused: no further information: localhost/[0:0:0:0:0:0:0:1]:4444
Caused by: java.net.ConnectException: Connection refused: no further information
]]></failure>
    <system-out><![CDATA[@BeforeMethod
LOGINTEST
{Username=xxxxxxxx, Password=, Runmode=Y, PasswordValid=, UsernameValid=N, Browser=Chrome}
----------ZohoBase Page Consructor-------
Opening the browser chrome
]]></system-out>
  </testcase>
</testsuite>